
<html>
  <head>
    <title>Lab 10 - Graded Solution</title>
  </head>
  <body>
    <h1>Lab 10 - Graded Solution</h1>
    <p><b>You scored 40% = 1.2000000000000002 points for this lab.</b></p>
    <ul>
      <li><b>test_ll_fix_simple</b>
      <ul>
      <li>Grade Percentage: 10</li>
      <li>Your solution succeeded taking 0.089 sec</Li>
      </ul>
      </li>
      <li><b>test_rr_fix_simple</b>
      <ul>
      <li>Grade Percentage: 10</li>
      <li>Your solution succeeded taking 0.086 sec</Li>
      </ul>
      </li>
      <li><b>test_lr_fix_simple</b>
      <ul>
      <li>Grade Percentage: 10</li>
      <li>Your solution succeeded taking 0.088 sec</Li>
      </ul>
      </li>
      <li><b>test_rl_fix_simple</b>
      <ul>
      <li>Grade Percentage: 10</li>
      <li>Your solution succeeded taking 0.093 sec</Li>
      </ul>
      </li>
      <li><b>test_key_order_after_ops</b>
      <ul>
      <li>Grade Percentage: 30</li>
      <li>Your solution failed this test case! taking 0.174 sec</Li>
<li><pre>AttributeError: 'AVLTree' object has no attribute 'fixMyCode'</pre></li>
<li><pre>Traceback (most recent call last):
  File "/Users/lord_pretzel/.pyenv/versions/3.7.4/lib/python3.7/site-packages/grader-0.0.1-py3.7.egg/grader/execution_base.py", line 63, in call_test_function
    **pre_hook_info["extra_kwargs"]
  File "/Users/lord_pretzel/.pyenv/versions/3.7.4/lib/python3.7/site-packages/grader-0.0.1-py3.7.egg/grader/core.py", line 48, in wrapper
    result = test_function(module, *args, **kwargs)
  File "/var/folders/f7/xnz8v_b13td37s3k4w8t5j2h0000gn/T/tmpytouvxmh/lab10-test.py", line 90, in test_key_order_after_ops
    del t[to_rem]
  File "<tested-program>", line 81, in __delitem__
AttributeError: 'AVLTree' object has no attribute 'fixMyCode'
</pre></li>
      </ul>
      </li>
      <li><b>test_stress_testing</b>
      <ul>
      <li>Grade Percentage: 30</li>
      <li>Your solution failed this test case! taking 4.250 sec</Li>
<li><pre>AttributeError: 'AVLTree' object has no attribute 'fixMyCode'</pre></li>
<li><pre>Traceback (most recent call last):
  File "/Users/lord_pretzel/.pyenv/versions/3.7.4/lib/python3.7/site-packages/grader-0.0.1-py3.7.egg/grader/execution_base.py", line 63, in call_test_function
    **pre_hook_info["extra_kwargs"]
  File "/Users/lord_pretzel/.pyenv/versions/3.7.4/lib/python3.7/site-packages/grader-0.0.1-py3.7.egg/grader/core.py", line 48, in wrapper
    result = test_function(module, *args, **kwargs)
  File "/var/folders/f7/xnz8v_b13td37s3k4w8t5j2h0000gn/T/tmpa7xrlbjk/lab10-test.py", line 118, in test_stress_testing
    del t[vals[i]]
  File "<tested-program>", line 81, in __delitem__
AttributeError: 'AVLTree' object has no attribute 'fixMyCode'
</pre></li>
      </ul>
      </li>
    </ul>
  </body>
</html>
