
<html>
  <head>
    <title>Lab 06 - Graded Solution</title>
  </head>
  <body>
    <h1>Lab 06 - Graded Solution</h1>
    <p><b>You scored 70% = 2.0999999999999996 points for this lab.</b></p>
    <ul>
      <li><b>test_check_delimiters_1</b>
      <ul>
      <li>Grade Percentage: 5</li>
      <li>Your solution succeeded taking 0.092 sec</Li>
      </ul>
      </li>
      <li><b>test_check_delimiters_2</b>
      <ul>
      <li>Grade Percentage: 5</li>
      <li>Your solution succeeded taking 0.088 sec</Li>
      </ul>
      </li>
      <li><b>test_check_delimiters_3</b>
      <ul>
      <li>Grade Percentage: 5</li>
      <li>Your solution succeeded taking 0.090 sec</Li>
      </ul>
      </li>
      <li><b>test_check_delimiters_4</b>
      <ul>
      <li>Grade Percentage: 5</li>
      <li>Your solution succeeded taking 0.087 sec</Li>
      </ul>
      </li>
      <li><b>test_check_delimiters_5</b>
      <ul>
      <li>Grade Percentage: 5</li>
      <li>Your solution succeeded taking 0.098 sec</Li>
      </ul>
      </li>
      <li><b>test_check_delimiters_6</b>
      <ul>
      <li>Grade Percentage: 5</li>
      <li>Your solution succeeded taking 0.083 sec</Li>
      </ul>
      </li>
      <li><b>test_infix_to_postfix_1</b>
      <ul>
      <li>Grade Percentage: 10</li>
      <li>Your solution failed this test case! taking 0.093 sec</Li>
<li><pre>AssertionError: Expected 1 2 + but got 1 2</pre></li>
<li><pre>Traceback (most recent call last):
  File "/Users/lord_pretzel/.pyenv/versions/3.9.0/lib/python3.9/site-packages/grader-0.0.1-py3.9.egg/grader/execution_base.py", line 60, in call_test_function
    test_function(
  File "/Users/lord_pretzel/.pyenv/versions/3.9.0/lib/python3.9/site-packages/grader-0.0.1-py3.9.egg/grader/core.py", line 48, in wrapper
    result = test_function(module, *args, **kwargs)
  File "/var/folders/f7/xnz8v_b13td37s3k4w8t5j2h0000gn/T/tmpo7uiimkk/lab06-test.py", line 75, in test_infix_to_postfix_1
    assertEquals(m.module.infix_to_postfix('1 + 2'), '1 2 +')
  File "/Users/lord_pretzel/.pyenv/versions/3.9.0/lib/python3.9/site-packages/grader-0.0.1-py3.9.egg/grader/assertions.py", line 58, in assertEquals
    raise AssertionError(message)
AssertionError: Expected 1 2 + but got 1 2
</pre></li>
      </ul>
      </li>
      <li><b>test_infix_to_postfix_2</b>
      <ul>
      <li>Grade Percentage: 10</li>
      <li>Your solution failed this test case! taking 0.096 sec</Li>
<li><pre>AssertionError: Expected 1 2 3 * + but got 1 2 3</pre></li>
<li><pre>Traceback (most recent call last):
  File "/Users/lord_pretzel/.pyenv/versions/3.9.0/lib/python3.9/site-packages/grader-0.0.1-py3.9.egg/grader/execution_base.py", line 60, in call_test_function
    test_function(
  File "/Users/lord_pretzel/.pyenv/versions/3.9.0/lib/python3.9/site-packages/grader-0.0.1-py3.9.egg/grader/core.py", line 48, in wrapper
    result = test_function(module, *args, **kwargs)
  File "/var/folders/f7/xnz8v_b13td37s3k4w8t5j2h0000gn/T/tmpu2e7l51s/lab06-test.py", line 84, in test_infix_to_postfix_2
    assertEquals(m.module.infix_to_postfix('1 + 2 * 3'), '1 2 3 * +')
  File "/Users/lord_pretzel/.pyenv/versions/3.9.0/lib/python3.9/site-packages/grader-0.0.1-py3.9.egg/grader/assertions.py", line 58, in assertEquals
    raise AssertionError(message)
AssertionError: Expected 1 2 3 * + but got 1 2 3
</pre></li>
      </ul>
      </li>
      <li><b>test_infix_to_postfix_3</b>
      <ul>
      <li>Grade Percentage: 10</li>
      <li>Your solution failed this test case! taking 0.093 sec</Li>
<li><pre>AssertionError: Expected 1 2 3 + * 4 * but got 1 2 3 4 ) (</pre></li>
<li><pre>Traceback (most recent call last):
  File "/Users/lord_pretzel/.pyenv/versions/3.9.0/lib/python3.9/site-packages/grader-0.0.1-py3.9.egg/grader/execution_base.py", line 60, in call_test_function
    test_function(
  File "/Users/lord_pretzel/.pyenv/versions/3.9.0/lib/python3.9/site-packages/grader-0.0.1-py3.9.egg/grader/core.py", line 48, in wrapper
    result = test_function(module, *args, **kwargs)
  File "/var/folders/f7/xnz8v_b13td37s3k4w8t5j2h0000gn/T/tmp21b4c_rl/lab06-test.py", line 93, in test_infix_to_postfix_3
    assertEquals(m.module.infix_to_postfix('1 * ( 2 + 3 ) * 4'), '1 2 3 + * 4 *')
  File "/Users/lord_pretzel/.pyenv/versions/3.9.0/lib/python3.9/site-packages/grader-0.0.1-py3.9.egg/grader/assertions.py", line 58, in assertEquals
    raise AssertionError(message)
AssertionError: Expected 1 2 3 + * 4 * but got 1 2 3 4 ) (
</pre></li>
      </ul>
      </li>
      <li><b>test_queue_implementation_1</b>
      <ul>
      <li>Grade Percentage: 13</li>
      <li>Your solution succeeded taking 0.073 sec</Li>
      </ul>
      </li>
      <li><b>test_queue_implementation_2</b>
      <ul>
      <li>Grade Percentage: 13</li>
      <li>Your solution succeeded taking 0.074 sec</Li>
      </ul>
      </li>
      <li><b>test_queue_implementation_3</b>
      <ul>
      <li>Grade Percentage: 14</li>
      <li>Your solution succeeded taking 0.093 sec</Li>
      </ul>
      </li>
    </ul>
  </body>
</html>
